{"name":"hexo","hostname":"zhanghaodeMacBook-Air.local","pid":21511,"level":20,"msg":"Hexo version: \u001b[35m3.2.2\u001b[39m","time":"2016-07-30T15:43:03.134Z","v":0}
{"name":"hexo","hostname":"zhanghaodeMacBook-Air.local","pid":21511,"level":20,"msg":"Working directory: \u001b[35m~/IdeaProjects/zhanghTK.github.io/\u001b[39m","time":"2016-07-30T15:43:03.137Z","v":0}
{"name":"hexo","hostname":"zhanghaodeMacBook-Air.local","pid":21511,"level":20,"msg":"Config loaded: \u001b[35m~/IdeaProjects/zhanghTK.github.io/_config.yml\u001b[39m","time":"2016-07-30T15:43:03.270Z","v":0}
{"name":"hexo","hostname":"zhanghaodeMacBook-Air.local","pid":21511,"level":20,"msg":"Plugin loaded: \u001b[35mhexo-generator-archive\u001b[39m","time":"2016-07-30T15:43:03.289Z","v":0}
{"name":"hexo","hostname":"zhanghaodeMacBook-Air.local","pid":21511,"level":20,"msg":"Plugin loaded: \u001b[35mhexo-deployer-git\u001b[39m","time":"2016-07-30T15:43:03.291Z","v":0}
{"name":"hexo","hostname":"zhanghaodeMacBook-Air.local","pid":21511,"level":20,"msg":"Plugin loaded: \u001b[35mhexo-generator-category\u001b[39m","time":"2016-07-30T15:43:03.293Z","v":0}
{"name":"hexo","hostname":"zhanghaodeMacBook-Air.local","pid":21511,"level":20,"msg":"Plugin loaded: \u001b[35mhexo-generator-index\u001b[39m","time":"2016-07-30T15:43:03.295Z","v":0}
{"name":"hexo","hostname":"zhanghaodeMacBook-Air.local","pid":21511,"level":20,"msg":"Plugin loaded: \u001b[35mhexo-renderer-ejs\u001b[39m","time":"2016-07-30T15:43:03.298Z","v":0}
{"name":"hexo","hostname":"zhanghaodeMacBook-Air.local","pid":21511,"level":20,"msg":"Plugin loaded: \u001b[35mhexo-generator-search\u001b[39m","time":"2016-07-30T15:43:03.301Z","v":0}
{"name":"hexo","hostname":"zhanghaodeMacBook-Air.local","pid":21511,"level":20,"msg":"Plugin loaded: \u001b[35mhexo-generator-tag\u001b[39m","time":"2016-07-30T15:43:03.302Z","v":0}
{"name":"hexo","hostname":"zhanghaodeMacBook-Air.local","pid":21511,"level":20,"msg":"Plugin loaded: \u001b[35mhexo-renderer-marked\u001b[39m","time":"2016-07-30T15:43:03.314Z","v":0}
{"name":"hexo","hostname":"zhanghaodeMacBook-Air.local","pid":21511,"level":20,"msg":"Plugin loaded: \u001b[35mhexo-renderer-stylus\u001b[39m","time":"2016-07-30T15:43:03.318Z","v":0}
{"name":"hexo","hostname":"zhanghaodeMacBook-Air.local","pid":21511,"level":20,"msg":"Plugin loaded: \u001b[35mhexo-server\u001b[39m","time":"2016-07-30T15:43:03.412Z","v":0}
{"name":"hexo","hostname":"zhanghaodeMacBook-Air.local","pid":21511,"level":20,"msg":"Script loaded: \u001b[35mthemes/next/scripts/merge-configs.js\u001b[39m","time":"2016-07-30T15:43:03.413Z","v":0}
{"name":"hexo","hostname":"zhanghaodeMacBook-Air.local","pid":21511,"level":20,"msg":"Script loaded: \u001b[35mthemes/next/scripts/tags/center-quote.js\u001b[39m","time":"2016-07-30T15:43:03.414Z","v":0}
{"name":"hexo","hostname":"zhanghaodeMacBook-Air.local","pid":21511,"level":20,"msg":"Script loaded: \u001b[35mthemes/next/scripts/tags/full-image.js\u001b[39m","time":"2016-07-30T15:43:03.414Z","v":0}
{"name":"hexo","hostname":"zhanghaodeMacBook-Air.local","pid":21511,"level":20,"msg":"Script loaded: \u001b[35mthemes/next/scripts/tags/group-pictures.js\u001b[39m","time":"2016-07-30T15:43:03.415Z","v":0}
{"name":"hexo","hostname":"zhanghaodeMacBook-Air.local","pid":21511,"level":20,"msg":"Loading database.","time":"2016-07-30T15:43:03.426Z","v":0}
{"name":"hexo","hostname":"zhanghaodeMacBook-Air.local","pid":21511,"level":30,"msg":"Start processing","time":"2016-07-30T15:43:03.512Z","v":0}
{"name":"hexo","hostname":"zhanghaodeMacBook-Air.local","pid":21511,"level":20,"msg":"Processed: \u001b[35mfavicon.ico\u001b[39m","time":"2016-07-30T15:43:03.602Z","v":0}
{"name":"hexo","hostname":"zhanghaodeMacBook-Air.local","pid":21511,"level":20,"msg":"Processed: \u001b[35m_posts/My-New-Post.md\u001b[39m","time":"2016-07-30T15:43:03.648Z","v":0}
{"name":"hexo","hostname":"zhanghaodeMacBook-Air.local","pid":21511,"level":20,"msg":"Processed: \u001b[35m_posts/hello-world.md\u001b[39m","time":"2016-07-30T15:43:03.649Z","v":0}
{"name":"hexo","hostname":"zhanghaodeMacBook-Air.local","pid":21511,"level":20,"msg":"Processed: \u001b[35mcategories/index.md\u001b[39m","time":"2016-07-30T15:43:03.649Z","v":0}
{"name":"hexo","hostname":"zhanghaodeMacBook-Air.local","pid":21511,"level":20,"msg":"Processed: \u001b[35mtags/index.md\u001b[39m","time":"2016-07-30T15:43:03.683Z","v":0}
{"name":"hexo","hostname":"zhanghaodeMacBook-Air.local","pid":21511,"level":20,"msg":"Theme config loaded.","time":"2016-07-30T15:43:03.803Z","v":0}
{"name":"hexo","hostname":"zhanghaodeMacBook-Air.local","pid":21511,"level":20,"msg":"Processed: \u001b[35m_config.yml\u001b[39m","time":"2016-07-30T15:43:03.806Z","v":0}
{"name":"hexo","hostname":"zhanghaodeMacBook-Air.local","pid":21511,"level":20,"msg":"Processed: \u001b[35msource/css/main.styl\u001b[39m","time":"2016-07-30T15:43:03.806Z","v":0}
{"name":"hexo","hostname":"zhanghaodeMacBook-Air.local","pid":21511,"level":20,"msg":"Processed: \u001b[35msource/images/avatar.gif\u001b[39m","time":"2016-07-30T15:43:03.806Z","v":0}
{"name":"hexo","hostname":"zhanghaodeMacBook-Air.local","pid":21511,"level":20,"msg":"Processed: \u001b[35msource/images/cc-by-nc-nd.svg\u001b[39m","time":"2016-07-30T15:43:03.807Z","v":0}
{"name":"hexo","hostname":"zhanghaodeMacBook-Air.local","pid":21511,"level":20,"msg":"Processed: \u001b[35msource/images/cc-by-nc-sa.svg\u001b[39m","time":"2016-07-30T15:43:03.808Z","v":0}
{"name":"hexo","hostname":"zhanghaodeMacBook-Air.local","pid":21511,"level":20,"msg":"Processed: \u001b[35msource/images/cc-by-nc.svg\u001b[39m","time":"2016-07-30T15:43:03.809Z","v":0}
{"name":"hexo","hostname":"zhanghaodeMacBook-Air.local","pid":21511,"level":20,"msg":"Processed: \u001b[35msource/images/cc-by-nd.svg\u001b[39m","time":"2016-07-30T15:43:03.810Z","v":0}
{"name":"hexo","hostname":"zhanghaodeMacBook-Air.local","pid":21511,"level":20,"msg":"Processed: \u001b[35msource/images/cc-by.svg\u001b[39m","time":"2016-07-30T15:43:03.810Z","v":0}
{"name":"hexo","hostname":"zhanghaodeMacBook-Air.local","pid":21511,"level":20,"msg":"Processed: \u001b[35msource/images/cc-by-sa.svg\u001b[39m","time":"2016-07-30T15:43:03.810Z","v":0}
{"name":"hexo","hostname":"zhanghaodeMacBook-Air.local","pid":21511,"level":20,"msg":"Processed: \u001b[35msource/images/loading.gif\u001b[39m","time":"2016-07-30T15:43:03.811Z","v":0}
{"name":"hexo","hostname":"zhanghaodeMacBook-Air.local","pid":21511,"level":20,"msg":"Processed: \u001b[35msource/images/placeholder.gif\u001b[39m","time":"2016-07-30T15:43:03.811Z","v":0}
{"name":"hexo","hostname":"zhanghaodeMacBook-Air.local","pid":21511,"level":20,"msg":"Processed: \u001b[35msource/images/cc-zero.svg\u001b[39m","time":"2016-07-30T15:43:03.811Z","v":0}
{"name":"hexo","hostname":"zhanghaodeMacBook-Air.local","pid":21511,"level":20,"msg":"Processed: \u001b[35msource/images/quote-l.svg\u001b[39m","time":"2016-07-30T15:43:03.812Z","v":0}
{"name":"hexo","hostname":"zhanghaodeMacBook-Air.local","pid":21511,"level":20,"msg":"Processed: \u001b[35msource/images/quote-r.svg\u001b[39m","time":"2016-07-30T15:43:03.812Z","v":0}
{"name":"hexo","hostname":"zhanghaodeMacBook-Air.local","pid":21511,"level":20,"msg":"Processed: \u001b[35msource/images/searchicon.png\u001b[39m","time":"2016-07-30T15:43:03.813Z","v":0}
{"name":"hexo","hostname":"zhanghaodeMacBook-Air.local","pid":21511,"level":20,"msg":"Processed: \u001b[35mlayout/_layout.swig\u001b[39m","time":"2016-07-30T15:43:04.014Z","v":0}
{"name":"hexo","hostname":"zhanghaodeMacBook-Air.local","pid":21511,"level":20,"msg":"Processed: \u001b[35mlayout/archive.swig\u001b[39m","time":"2016-07-30T15:43:04.015Z","v":0}
{"name":"hexo","hostname":"zhanghaodeMacBook-Air.local","pid":21511,"level":20,"msg":"Processed: \u001b[35mlayout/category.swig\u001b[39m","time":"2016-07-30T15:43:04.015Z","v":0}
{"name":"hexo","hostname":"zhanghaodeMacBook-Air.local","pid":21511,"level":20,"msg":"Processed: \u001b[35mlayout/page.swig\u001b[39m","time":"2016-07-30T15:43:04.016Z","v":0}
{"name":"hexo","hostname":"zhanghaodeMacBook-Air.local","pid":21511,"level":20,"msg":"Processed: \u001b[35mlayout/index.swig\u001b[39m","time":"2016-07-30T15:43:04.016Z","v":0}
{"name":"hexo","hostname":"zhanghaodeMacBook-Air.local","pid":21511,"level":20,"msg":"Processed: \u001b[35mlayout/post.swig\u001b[39m","time":"2016-07-30T15:43:04.016Z","v":0}
{"name":"hexo","hostname":"zhanghaodeMacBook-Air.local","pid":21511,"level":20,"msg":"Processed: \u001b[35mlayout/tag.swig\u001b[39m","time":"2016-07-30T15:43:04.016Z","v":0}
{"name":"hexo","hostname":"zhanghaodeMacBook-Air.local","pid":21511,"level":20,"msg":"Processed: \u001b[35mlanguages/de.yml\u001b[39m","time":"2016-07-30T15:43:04.026Z","v":0}
{"name":"hexo","hostname":"zhanghaodeMacBook-Air.local","pid":21511,"level":20,"msg":"Processed: \u001b[35mlanguages/default.yml\u001b[39m","time":"2016-07-30T15:43:04.026Z","v":0}
{"name":"hexo","hostname":"zhanghaodeMacBook-Air.local","pid":21511,"level":20,"msg":"Processed: \u001b[35mlanguages/en.yml\u001b[39m","time":"2016-07-30T15:43:04.027Z","v":0}
{"name":"hexo","hostname":"zhanghaodeMacBook-Air.local","pid":21511,"level":20,"msg":"Processed: \u001b[35mlanguages/fr-FR.yml\u001b[39m","time":"2016-07-30T15:43:04.027Z","v":0}
{"name":"hexo","hostname":"zhanghaodeMacBook-Air.local","pid":21511,"level":20,"msg":"Processed: \u001b[35mlanguages/id.yml\u001b[39m","time":"2016-07-30T15:43:04.027Z","v":0}
{"name":"hexo","hostname":"zhanghaodeMacBook-Air.local","pid":21511,"level":20,"msg":"Processed: \u001b[35mlanguages/ja.yml\u001b[39m","time":"2016-07-30T15:43:04.027Z","v":0}
{"name":"hexo","hostname":"zhanghaodeMacBook-Air.local","pid":21511,"level":20,"msg":"Processed: \u001b[35mlanguages/pt-BR.yml\u001b[39m","time":"2016-07-30T15:43:04.027Z","v":0}
{"name":"hexo","hostname":"zhanghaodeMacBook-Air.local","pid":21511,"level":20,"msg":"Processed: \u001b[35mlanguages/pt.yml\u001b[39m","time":"2016-07-30T15:43:04.028Z","v":0}
{"name":"hexo","hostname":"zhanghaodeMacBook-Air.local","pid":21511,"level":20,"msg":"Processed: \u001b[35mlanguages/ru.yml\u001b[39m","time":"2016-07-30T15:43:04.028Z","v":0}
{"name":"hexo","hostname":"zhanghaodeMacBook-Air.local","pid":21511,"level":20,"msg":"Processed: \u001b[35mlanguages/zh-Hans.yml\u001b[39m","time":"2016-07-30T15:43:04.028Z","v":0}
{"name":"hexo","hostname":"zhanghaodeMacBook-Air.local","pid":21511,"level":20,"msg":"Processed: \u001b[35mlanguages/zh-hk.yml\u001b[39m","time":"2016-07-30T15:43:04.028Z","v":0}
{"name":"hexo","hostname":"zhanghaodeMacBook-Air.local","pid":21511,"level":20,"msg":"Processed: \u001b[35mlanguages/zh-tw.yml\u001b[39m","time":"2016-07-30T15:43:04.028Z","v":0}
{"name":"hexo","hostname":"zhanghaodeMacBook-Air.local","pid":21511,"level":20,"msg":"Processed: \u001b[35msource/js/src/affix.js\u001b[39m","time":"2016-07-30T15:43:04.029Z","v":0}
{"name":"hexo","hostname":"zhanghaodeMacBook-Air.local","pid":21511,"level":20,"msg":"Processed: \u001b[35msource/js/src/bootstrap.js\u001b[39m","time":"2016-07-30T15:43:04.029Z","v":0}
{"name":"hexo","hostname":"zhanghaodeMacBook-Air.local","pid":21511,"level":20,"msg":"Processed: \u001b[35msource/js/src/hook-duoshuo.js\u001b[39m","time":"2016-07-30T15:43:04.029Z","v":0}
{"name":"hexo","hostname":"zhanghaodeMacBook-Air.local","pid":21511,"level":20,"msg":"Processed: \u001b[35msource/js/src/motion.js\u001b[39m","time":"2016-07-30T15:43:04.030Z","v":0}
{"name":"hexo","hostname":"zhanghaodeMacBook-Air.local","pid":21511,"level":20,"msg":"Processed: \u001b[35msource/js/src/post-details.js\u001b[39m","time":"2016-07-30T15:43:04.030Z","v":0}
{"name":"hexo","hostname":"zhanghaodeMacBook-Air.local","pid":21511,"level":20,"msg":"Processed: \u001b[35msource/js/src/scrollspy.js\u001b[39m","time":"2016-07-30T15:43:04.030Z","v":0}
{"name":"hexo","hostname":"zhanghaodeMacBook-Air.local","pid":21511,"level":20,"msg":"Processed: \u001b[35msource/js/src/utils.js\u001b[39m","time":"2016-07-30T15:43:04.030Z","v":0}
{"name":"hexo","hostname":"zhanghaodeMacBook-Air.local","pid":21511,"level":20,"msg":"Processed: \u001b[35msource/vendors/fastclick/LICENSE\u001b[39m","time":"2016-07-30T15:43:04.031Z","v":0}
{"name":"hexo","hostname":"zhanghaodeMacBook-Air.local","pid":21511,"level":20,"msg":"Processed: \u001b[35msource/vendors/fastclick/README.md\u001b[39m","time":"2016-07-30T15:43:04.031Z","v":0}
{"name":"hexo","hostname":"zhanghaodeMacBook-Air.local","pid":21511,"level":20,"msg":"Processed: \u001b[35msource/vendors/fastclick/bower.json\u001b[39m","time":"2016-07-30T15:43:04.032Z","v":0}
{"name":"hexo","hostname":"zhanghaodeMacBook-Air.local","pid":21511,"level":20,"msg":"Processed: \u001b[35msource/vendors/font-awesome/HELP-US-OUT.txt\u001b[39m","time":"2016-07-30T15:43:04.032Z","v":0}
{"name":"hexo","hostname":"zhanghaodeMacBook-Air.local","pid":21511,"level":20,"msg":"Processed: \u001b[35msource/vendors/font-awesome/bower.json\u001b[39m","time":"2016-07-30T15:43:04.033Z","v":0}
{"name":"hexo","hostname":"zhanghaodeMacBook-Air.local","pid":21511,"level":20,"msg":"Processed: \u001b[35msource/vendors/jquery_lazyload/CONTRIBUTING.md\u001b[39m","time":"2016-07-30T15:43:04.034Z","v":0}
{"name":"hexo","hostname":"zhanghaodeMacBook-Air.local","pid":21511,"level":20,"msg":"Processed: \u001b[35msource/vendors/jquery_lazyload/README.md\u001b[39m","time":"2016-07-30T15:43:04.034Z","v":0}
{"name":"hexo","hostname":"zhanghaodeMacBook-Air.local","pid":21511,"level":20,"msg":"Processed: \u001b[35msource/vendors/jquery_lazyload/bower.json\u001b[39m","time":"2016-07-30T15:43:04.035Z","v":0}
{"name":"hexo","hostname":"zhanghaodeMacBook-Air.local","pid":21511,"level":20,"msg":"Processed: \u001b[35msource/vendors/jquery_lazyload/jquery.lazyload.js\u001b[39m","time":"2016-07-30T15:43:04.035Z","v":0}
{"name":"hexo","hostname":"zhanghaodeMacBook-Air.local","pid":21511,"level":20,"msg":"Processed: \u001b[35msource/vendors/jquery_lazyload/jquery.scrollstop.js\u001b[39m","time":"2016-07-30T15:43:04.036Z","v":0}
{"name":"hexo","hostname":"zhanghaodeMacBook-Air.local","pid":21511,"level":20,"msg":"Processed: \u001b[35msource/vendors/velocity/bower.json\u001b[39m","time":"2016-07-30T15:43:04.037Z","v":0}
{"name":"hexo","hostname":"zhanghaodeMacBook-Air.local","pid":21511,"level":20,"msg":"Processed: \u001b[35msource/vendors/velocity/velocity.min.js\u001b[39m","time":"2016-07-30T15:43:04.038Z","v":0}
{"name":"hexo","hostname":"zhanghaodeMacBook-Air.local","pid":21511,"level":20,"msg":"Processed: \u001b[35msource/vendors/velocity/velocity.ui.min.js\u001b[39m","time":"2016-07-30T15:43:04.038Z","v":0}
{"name":"hexo","hostname":"zhanghaodeMacBook-Air.local","pid":21511,"level":20,"msg":"Processed: \u001b[35msource/vendors/velocity/velocity.ui.js\u001b[39m","time":"2016-07-30T15:43:04.038Z","v":0}
{"name":"hexo","hostname":"zhanghaodeMacBook-Air.local","pid":21511,"level":20,"msg":"Processed: \u001b[35msource/vendors/jquery/index.js\u001b[39m","time":"2016-07-30T15:43:04.057Z","v":0}
{"name":"hexo","hostname":"zhanghaodeMacBook-Air.local","pid":21511,"level":20,"msg":"Processed: \u001b[35mlayout/_macro/post-collapse.swig\u001b[39m","time":"2016-07-30T15:43:04.134Z","v":0}
{"name":"hexo","hostname":"zhanghaodeMacBook-Air.local","pid":21511,"level":20,"msg":"Processed: \u001b[35mlayout/_macro/post.swig\u001b[39m","time":"2016-07-30T15:43:04.134Z","v":0}
{"name":"hexo","hostname":"zhanghaodeMacBook-Air.local","pid":21511,"level":20,"msg":"Processed: \u001b[35mlayout/_macro/reward.swig\u001b[39m","time":"2016-07-30T15:43:04.134Z","v":0}
{"name":"hexo","hostname":"zhanghaodeMacBook-Air.local","pid":21511,"level":20,"msg":"Processed: \u001b[35mlayout/_macro/sidebar.swig\u001b[39m","time":"2016-07-30T15:43:04.135Z","v":0}
{"name":"hexo","hostname":"zhanghaodeMacBook-Air.local","pid":21511,"level":20,"msg":"Processed: \u001b[35mlayout/_partials/comments.swig\u001b[39m","time":"2016-07-30T15:43:04.135Z","v":0}
{"name":"hexo","hostname":"zhanghaodeMacBook-Air.local","pid":21511,"level":20,"msg":"Processed: \u001b[35mlayout/_macro/wechat-subscriber.swig\u001b[39m","time":"2016-07-30T15:43:04.135Z","v":0}
{"name":"hexo","hostname":"zhanghaodeMacBook-Air.local","pid":21511,"level":20,"msg":"Processed: \u001b[35mlayout/_partials/duoshuo-hot-articles.swig\u001b[39m","time":"2016-07-30T15:43:04.135Z","v":0}
{"name":"hexo","hostname":"zhanghaodeMacBook-Air.local","pid":21511,"level":20,"msg":"Processed: \u001b[35mlayout/_partials/footer.swig\u001b[39m","time":"2016-07-30T15:43:04.135Z","v":0}
{"name":"hexo","hostname":"zhanghaodeMacBook-Air.local","pid":21511,"level":20,"msg":"Processed: \u001b[35mlayout/_partials/head.swig\u001b[39m","time":"2016-07-30T15:43:04.135Z","v":0}
{"name":"hexo","hostname":"zhanghaodeMacBook-Air.local","pid":21511,"level":20,"msg":"Processed: \u001b[35mlayout/_partials/header.swig\u001b[39m","time":"2016-07-30T15:43:04.135Z","v":0}
{"name":"hexo","hostname":"zhanghaodeMacBook-Air.local","pid":21511,"level":20,"msg":"Processed: \u001b[35mlayout/_partials/pagination.swig\u001b[39m","time":"2016-07-30T15:43:04.136Z","v":0}
{"name":"hexo","hostname":"zhanghaodeMacBook-Air.local","pid":21511,"level":20,"msg":"Processed: \u001b[35mlayout/_partials/search.swig\u001b[39m","time":"2016-07-30T15:43:04.137Z","v":0}
{"name":"hexo","hostname":"zhanghaodeMacBook-Air.local","pid":21511,"level":20,"msg":"Processed: \u001b[35mlayout/_scripts/boostrap.swig\u001b[39m","time":"2016-07-30T15:43:04.137Z","v":0}
{"name":"hexo","hostname":"zhanghaodeMacBook-Air.local","pid":21511,"level":20,"msg":"Processed: \u001b[35mlayout/_scripts/baidu-push.swig\u001b[39m","time":"2016-07-30T15:43:04.137Z","v":0}
{"name":"hexo","hostname":"zhanghaodeMacBook-Air.local","pid":21511,"level":20,"msg":"Processed: \u001b[35mlayout/_scripts/commons.swig\u001b[39m","time":"2016-07-30T15:43:04.137Z","v":0}
{"name":"hexo","hostname":"zhanghaodeMacBook-Air.local","pid":21511,"level":20,"msg":"Processed: \u001b[35mlayout/_scripts/vendors.swig\u001b[39m","time":"2016-07-30T15:43:04.137Z","v":0}
{"name":"hexo","hostname":"zhanghaodeMacBook-Air.local","pid":21511,"level":20,"msg":"Processed: \u001b[35msource/js/src/schemes/pisces.js\u001b[39m","time":"2016-07-30T15:43:04.141Z","v":0}
{"name":"hexo","hostname":"zhanghaodeMacBook-Air.local","pid":21511,"level":20,"msg":"Processed: \u001b[35msource/vendors/fancybox/source/blank.gif\u001b[39m","time":"2016-07-30T15:43:04.142Z","v":0}
{"name":"hexo","hostname":"zhanghaodeMacBook-Air.local","pid":21511,"level":20,"msg":"Processed: \u001b[35msource/vendors/fancybox/source/fancybox_loading.gif\u001b[39m","time":"2016-07-30T15:43:04.142Z","v":0}
{"name":"hexo","hostname":"zhanghaodeMacBook-Air.local","pid":21511,"level":20,"msg":"Processed: \u001b[35msource/vendors/fancybox/source/fancybox_loading@2x.gif\u001b[39m","time":"2016-07-30T15:43:04.142Z","v":0}
{"name":"hexo","hostname":"zhanghaodeMacBook-Air.local","pid":21511,"level":20,"msg":"Processed: \u001b[35msource/vendors/fancybox/source/fancybox_overlay.png\u001b[39m","time":"2016-07-30T15:43:04.142Z","v":0}
{"name":"hexo","hostname":"zhanghaodeMacBook-Air.local","pid":21511,"level":20,"msg":"Processed: \u001b[35msource/vendors/fancybox/source/fancybox_sprite.png\u001b[39m","time":"2016-07-30T15:43:04.143Z","v":0}
{"name":"hexo","hostname":"zhanghaodeMacBook-Air.local","pid":21511,"level":20,"msg":"Processed: \u001b[35msource/vendors/fancybox/source/fancybox_sprite@2x.png\u001b[39m","time":"2016-07-30T15:43:04.143Z","v":0}
{"name":"hexo","hostname":"zhanghaodeMacBook-Air.local","pid":21511,"level":20,"msg":"Processed: \u001b[35msource/vendors/fancybox/source/jquery.fancybox.css\u001b[39m","time":"2016-07-30T15:43:04.143Z","v":0}
{"name":"hexo","hostname":"zhanghaodeMacBook-Air.local","pid":21511,"level":20,"msg":"Processed: \u001b[35msource/vendors/fancybox/source/jquery.fancybox.js\u001b[39m","time":"2016-07-30T15:43:04.143Z","v":0}
{"name":"hexo","hostname":"zhanghaodeMacBook-Air.local","pid":21511,"level":20,"msg":"Processed: \u001b[35msource/vendors/fancybox/source/jquery.fancybox.pack.js\u001b[39m","time":"2016-07-30T15:43:04.143Z","v":0}
{"name":"hexo","hostname":"zhanghaodeMacBook-Air.local","pid":21511,"level":20,"msg":"Processed: \u001b[35msource/vendors/fastclick/lib/fastclick.js\u001b[39m","time":"2016-07-30T15:43:04.143Z","v":0}
{"name":"hexo","hostname":"zhanghaodeMacBook-Air.local","pid":21511,"level":20,"msg":"Processed: \u001b[35msource/vendors/fastclick/lib/fastclick.min.js\u001b[39m","time":"2016-07-30T15:43:04.144Z","v":0}
{"name":"hexo","hostname":"zhanghaodeMacBook-Air.local","pid":21511,"level":20,"msg":"Processed: \u001b[35msource/vendors/font-awesome/css/font-awesome.css\u001b[39m","time":"2016-07-30T15:43:04.144Z","v":0}
{"name":"hexo","hostname":"zhanghaodeMacBook-Air.local","pid":21511,"level":20,"msg":"Processed: \u001b[35msource/vendors/font-awesome/css/font-awesome.css.map\u001b[39m","time":"2016-07-30T15:43:04.144Z","v":0}
{"name":"hexo","hostname":"zhanghaodeMacBook-Air.local","pid":21511,"level":20,"msg":"Processed: \u001b[35msource/vendors/font-awesome/css/font-awesome.min.css\u001b[39m","time":"2016-07-30T15:43:04.145Z","v":0}
{"name":"hexo","hostname":"zhanghaodeMacBook-Air.local","pid":21511,"level":20,"msg":"Processed: \u001b[35msource/vendors/font-awesome/fonts/fontawesome-webfont.woff2\u001b[39m","time":"2016-07-30T15:43:04.145Z","v":0}
{"name":"hexo","hostname":"zhanghaodeMacBook-Air.local","pid":21511,"level":20,"msg":"Processed: \u001b[35msource/vendors/ua-parser-js/dist/ua-parser.pack.js\u001b[39m","time":"2016-07-30T15:43:04.145Z","v":0}
{"name":"hexo","hostname":"zhanghaodeMacBook-Air.local","pid":21511,"level":20,"msg":"Processed: \u001b[35msource/vendors/ua-parser-js/dist/ua-parser.min.js\u001b[39m","time":"2016-07-30T15:43:04.145Z","v":0}
{"name":"hexo","hostname":"zhanghaodeMacBook-Air.local","pid":21511,"level":20,"msg":"Processed: \u001b[35mlayout/_scripts/schemes/mist.swig\u001b[39m","time":"2016-07-30T15:43:04.149Z","v":0}
{"name":"hexo","hostname":"zhanghaodeMacBook-Air.local","pid":21511,"level":20,"msg":"Processed: \u001b[35mlayout/_scripts/schemes/muse.swig\u001b[39m","time":"2016-07-30T15:43:04.149Z","v":0}
{"name":"hexo","hostname":"zhanghaodeMacBook-Air.local","pid":21511,"level":20,"msg":"Processed: \u001b[35msource/vendors/font-awesome/fonts/fontawesome-webfont.eot\u001b[39m","time":"2016-07-30T15:43:04.152Z","v":0}
{"name":"hexo","hostname":"zhanghaodeMacBook-Air.local","pid":21511,"level":20,"msg":"Processed: \u001b[35msource/vendors/font-awesome/fonts/FontAwesome.otf\u001b[39m","time":"2016-07-30T15:43:04.152Z","v":0}
{"name":"hexo","hostname":"zhanghaodeMacBook-Air.local","pid":21511,"level":20,"msg":"Processed: \u001b[35msource/vendors/font-awesome/fonts/fontawesome-webfont.woff\u001b[39m","time":"2016-07-30T15:43:04.153Z","v":0}
{"name":"hexo","hostname":"zhanghaodeMacBook-Air.local","pid":21511,"level":20,"msg":"Processed: \u001b[35msource/vendors/velocity/velocity.js\u001b[39m","time":"2016-07-30T15:43:04.153Z","v":0}
{"name":"hexo","hostname":"zhanghaodeMacBook-Air.local","pid":21511,"level":20,"msg":"Processed: \u001b[35mlayout/_partials/search/localsearch.swig\u001b[39m","time":"2016-07-30T15:43:04.167Z","v":0}
{"name":"hexo","hostname":"zhanghaodeMacBook-Air.local","pid":21511,"level":20,"msg":"Processed: \u001b[35mlayout/_partials/head/external-fonts.swig\u001b[39m","time":"2016-07-30T15:43:04.167Z","v":0}
{"name":"hexo","hostname":"zhanghaodeMacBook-Air.local","pid":21511,"level":20,"msg":"Processed: \u001b[35mlayout/_partials/search/swiftype.swig\u001b[39m","time":"2016-07-30T15:43:04.167Z","v":0}
{"name":"hexo","hostname":"zhanghaodeMacBook-Air.local","pid":21511,"level":20,"msg":"Processed: \u001b[35mlayout/_partials/search/tinysou.swig\u001b[39m","time":"2016-07-30T15:43:04.168Z","v":0}
{"name":"hexo","hostname":"zhanghaodeMacBook-Air.local","pid":21511,"level":20,"msg":"Processed: \u001b[35mlayout/_partials/share/add-this.swig\u001b[39m","time":"2016-07-30T15:43:04.168Z","v":0}
{"name":"hexo","hostname":"zhanghaodeMacBook-Air.local","pid":21511,"level":20,"msg":"Processed: \u001b[35mlayout/_partials/share/baidushare.swig\u001b[39m","time":"2016-07-30T15:43:04.168Z","v":0}
{"name":"hexo","hostname":"zhanghaodeMacBook-Air.local","pid":21511,"level":20,"msg":"Processed: \u001b[35mlayout/_partials/share/duoshuo_share.swig\u001b[39m","time":"2016-07-30T15:43:04.168Z","v":0}
{"name":"hexo","hostname":"zhanghaodeMacBook-Air.local","pid":21511,"level":20,"msg":"Processed: \u001b[35mlayout/_partials/share/jiathis.swig\u001b[39m","time":"2016-07-30T15:43:04.170Z","v":0}
{"name":"hexo","hostname":"zhanghaodeMacBook-Air.local","pid":21511,"level":20,"msg":"Processed: \u001b[35mlayout/_scripts/pages/post-details.swig\u001b[39m","time":"2016-07-30T15:43:04.171Z","v":0}
{"name":"hexo","hostname":"zhanghaodeMacBook-Air.local","pid":21511,"level":20,"msg":"Processed: \u001b[35mlayout/_scripts/schemes/pisces.swig\u001b[39m","time":"2016-07-30T15:43:04.171Z","v":0}
{"name":"hexo","hostname":"zhanghaodeMacBook-Air.local","pid":21511,"level":20,"msg":"Processed: \u001b[35mlayout/_scripts/third-party/analytics.swig\u001b[39m","time":"2016-07-30T15:43:04.171Z","v":0}
{"name":"hexo","hostname":"zhanghaodeMacBook-Air.local","pid":21511,"level":20,"msg":"Processed: \u001b[35mlayout/_scripts/third-party/comments.swig\u001b[39m","time":"2016-07-30T15:43:04.172Z","v":0}
{"name":"hexo","hostname":"zhanghaodeMacBook-Air.local","pid":21511,"level":20,"msg":"Processed: \u001b[35mlayout/_scripts/third-party/lean-analytics.swig\u001b[39m","time":"2016-07-30T15:43:04.172Z","v":0}
{"name":"hexo","hostname":"zhanghaodeMacBook-Air.local","pid":21511,"level":20,"msg":"Processed: \u001b[35mlayout/_scripts/third-party/localsearch.swig\u001b[39m","time":"2016-07-30T15:43:04.172Z","v":0}
{"name":"hexo","hostname":"zhanghaodeMacBook-Air.local","pid":21511,"level":20,"msg":"Processed: \u001b[35mlayout/_scripts/third-party/mathjax.swig\u001b[39m","time":"2016-07-30T15:43:04.172Z","v":0}
{"name":"hexo","hostname":"zhanghaodeMacBook-Air.local","pid":21511,"level":20,"msg":"Processed: \u001b[35mlayout/_scripts/third-party/tinysou.swig\u001b[39m","time":"2016-07-30T15:43:04.172Z","v":0}
{"name":"hexo","hostname":"zhanghaodeMacBook-Air.local","pid":21511,"level":20,"msg":"Processed: \u001b[35msource/vendors/fancybox/source/helpers/jquery.fancybox-buttons.css\u001b[39m","time":"2016-07-30T15:43:04.176Z","v":0}
{"name":"hexo","hostname":"zhanghaodeMacBook-Air.local","pid":21511,"level":20,"msg":"Processed: \u001b[35msource/vendors/fancybox/source/helpers/fancybox_buttons.png\u001b[39m","time":"2016-07-30T15:43:04.184Z","v":0}
{"name":"hexo","hostname":"zhanghaodeMacBook-Air.local","pid":21511,"level":20,"msg":"Processed: \u001b[35msource/vendors/fancybox/source/helpers/jquery.fancybox-buttons.js\u001b[39m","time":"2016-07-30T15:43:04.185Z","v":0}
{"name":"hexo","hostname":"zhanghaodeMacBook-Air.local","pid":21511,"level":20,"msg":"Processed: \u001b[35msource/vendors/fancybox/source/helpers/jquery.fancybox-media.js\u001b[39m","time":"2016-07-30T15:43:04.185Z","v":0}
{"name":"hexo","hostname":"zhanghaodeMacBook-Air.local","pid":21511,"level":20,"msg":"Processed: \u001b[35msource/vendors/fancybox/source/helpers/jquery.fancybox-thumbs.css\u001b[39m","time":"2016-07-30T15:43:04.185Z","v":0}
{"name":"hexo","hostname":"zhanghaodeMacBook-Air.local","pid":21511,"level":20,"msg":"Processed: \u001b[35msource/vendors/fancybox/source/helpers/jquery.fancybox-thumbs.js\u001b[39m","time":"2016-07-30T15:43:04.186Z","v":0}
{"name":"hexo","hostname":"zhanghaodeMacBook-Air.local","pid":21511,"level":20,"msg":"Processed: \u001b[35msource/vendors/font-awesome/fonts/fontawesome-webfont.ttf\u001b[39m","time":"2016-07-30T15:43:04.188Z","v":0}
{"name":"hexo","hostname":"zhanghaodeMacBook-Air.local","pid":21511,"level":20,"msg":"Processed: \u001b[35mlayout/_scripts/third-party/analytics/baidu-analytics.swig\u001b[39m","time":"2016-07-30T15:43:04.198Z","v":0}
{"name":"hexo","hostname":"zhanghaodeMacBook-Air.local","pid":21511,"level":20,"msg":"Processed: \u001b[35mlayout/_scripts/third-party/analytics/busuanzi-counter.swig\u001b[39m","time":"2016-07-30T15:43:04.198Z","v":0}
{"name":"hexo","hostname":"zhanghaodeMacBook-Air.local","pid":21511,"level":20,"msg":"Processed: \u001b[35mlayout/_scripts/third-party/analytics/cnzz-analytics.swig\u001b[39m","time":"2016-07-30T15:43:04.199Z","v":0}
{"name":"hexo","hostname":"zhanghaodeMacBook-Air.local","pid":21511,"level":20,"msg":"Processed: \u001b[35mlayout/_scripts/third-party/analytics/facebook-sdk.swig\u001b[39m","time":"2016-07-30T15:43:04.199Z","v":0}
{"name":"hexo","hostname":"zhanghaodeMacBook-Air.local","pid":21511,"level":20,"msg":"Processed: \u001b[35mlayout/_scripts/third-party/analytics/google-analytics.swig\u001b[39m","time":"2016-07-30T15:43:04.199Z","v":0}
{"name":"hexo","hostname":"zhanghaodeMacBook-Air.local","pid":21511,"level":20,"msg":"Processed: \u001b[35mlayout/_scripts/third-party/analytics/tencent-analytics.swig\u001b[39m","time":"2016-07-30T15:43:04.206Z","v":0}
{"name":"hexo","hostname":"zhanghaodeMacBook-Air.local","pid":21511,"level":20,"msg":"Processed: \u001b[35mlayout/_scripts/third-party/comments/disqus.swig\u001b[39m","time":"2016-07-30T15:43:04.206Z","v":0}
{"name":"hexo","hostname":"zhanghaodeMacBook-Air.local","pid":21511,"level":20,"msg":"Processed: \u001b[35mlayout/_scripts/third-party/comments/duoshuo.swig\u001b[39m","time":"2016-07-30T15:43:04.206Z","v":0}
{"name":"hexo","hostname":"zhanghaodeMacBook-Air.local","pid":21511,"level":20,"msg":"Processed: \u001b[35msource/vendors/font-awesome/fonts/fontawesome-webfont.svg\u001b[39m","time":"2016-07-30T15:43:04.207Z","v":0}
{"name":"hexo","hostname":"zhanghaodeMacBook-Air.local","pid":21511,"level":20,"msg":"Processed: \u001b[35msource/images/avatar.png\u001b[39m","time":"2016-07-30T15:43:04.207Z","v":0}
{"name":"hexo","hostname":"zhanghaodeMacBook-Air.local","pid":21511,"level":20,"msg":"Generator: \u001b[35mpage\u001b[39m","time":"2016-07-30T15:43:04.329Z","v":0}
{"name":"hexo","hostname":"zhanghaodeMacBook-Air.local","pid":21511,"level":20,"msg":"Generator: \u001b[35mpost\u001b[39m","time":"2016-07-30T15:43:04.329Z","v":0}
{"name":"hexo","hostname":"zhanghaodeMacBook-Air.local","pid":21511,"level":20,"msg":"Generator: \u001b[35marchive\u001b[39m","time":"2016-07-30T15:43:04.329Z","v":0}
{"name":"hexo","hostname":"zhanghaodeMacBook-Air.local","pid":21511,"level":20,"msg":"Generator: \u001b[35mcategory\u001b[39m","time":"2016-07-30T15:43:04.329Z","v":0}
{"name":"hexo","hostname":"zhanghaodeMacBook-Air.local","pid":21511,"level":20,"msg":"Generator: \u001b[35mindex\u001b[39m","time":"2016-07-30T15:43:04.329Z","v":0}
{"name":"hexo","hostname":"zhanghaodeMacBook-Air.local","pid":21511,"level":20,"msg":"Generator: \u001b[35msearch\u001b[39m","time":"2016-07-30T15:43:04.329Z","v":0}
{"name":"hexo","hostname":"zhanghaodeMacBook-Air.local","pid":21511,"level":20,"msg":"Generator: \u001b[35mtag\u001b[39m","time":"2016-07-30T15:43:04.329Z","v":0}
{"name":"hexo","hostname":"zhanghaodeMacBook-Air.local","pid":21511,"level":20,"msg":"Generator: \u001b[35masset\u001b[39m","time":"2016-07-30T15:43:04.331Z","v":0}
{"name":"hexo","hostname":"zhanghaodeMacBook-Air.local","pid":21511,"level":30,"msg":"Hexo is running at \u001b[4mhttp://localhost:4000/\u001b[24m. Press Ctrl+C to stop.","time":"2016-07-30T15:43:04.340Z","v":0}
{"name":"hexo","hostname":"zhanghaodeMacBook-Air.local","pid":21511,"level":20,"msg":"Database saved","time":"2016-07-30T15:43:04.354Z","v":0}
{"name":"hexo","hostname":"zhanghaodeMacBook-Air.local","pid":21511,"level":20,"msg":"Rendering index: \u001b[35mindex.html\u001b[39m","time":"2016-07-30T15:43:22.233Z","v":0}
{"name":"hexo","hostname":"zhanghaodeMacBook-Air.local","pid":21511,"level":20,"msg":"Rendering index: \u001b[35mindex.html\u001b[39m","time":"2016-07-30T15:43:59.228Z","v":0}
{"name":"hexo","hostname":"zhanghaodeMacBook-Air.local","pid":21511,"level":30,"msg":"Bye!","time":"2016-07-30T15:44:28.995Z","v":0}
{"name":"hexo","hostname":"zhanghaodeMacBook-Air.local","pid":21511,"level":20,"msg":"Database saved","time":"2016-07-30T15:44:29.020Z","v":0}
